#
# A fatal error has been detected by the Java Runtime Environment:
#
#  SIGSEGV (0xb) at pc=0x00007f51000883d1, pid=25656, tid=25715
#
# JRE version: OpenJDK Runtime Environment (11.0.11+9) (build 11.0.11+9-Ubuntu-0ubuntu2.18.04)
# Java VM: OpenJDK 64-Bit Server VM (11.0.11+9-Ubuntu-0ubuntu2.18.04, mixed mode, sharing, tiered, compressed oops, g1 gc, linux-amd64)
# Problematic frame:
# C  [libjimage.so+0x23d1]
#
# Core dump will be written. Default location: Core dumps may be processed with "/lib/systemd/systemd-coredump %P %u %g %s %t 9223372036854775808 %e" (or dumping to /home/joao/Área de Trabalho/ESIII/Projeto/BreedingGrounds/core.25656)
#
# If you would like to submit a bug report, please visit:
#   https://bugs.launchpad.net/ubuntu/+source/openjdk-lts
#

---------------  S U M M A R Y ------------

Command Line: -agentlib:jdwp=transport=dt_socket,suspend=y,address=localhost:38097 -Dcom.sun.management.jmxremote -Dcom.sun.management.jmxremote.port=38833 -Dcom.sun.management.jmxremote.authenticate=false -Dcom.sun.management.jmxremote.ssl=false -Djava.rmi.server.hostname=localhost -Dspring.jmx.enabled=true -Dspring.liveBeansView.mbeanDomain -Dspring.application.admin.enabled=true -Djava.security.egd=file:/dev/./urandom -Xverify:none -XX:TieredStopAtLevel=1 -Dspring.boot.project.name=BreedingGrounds -javaagent:/opt/eclipse/jee-2020-03/eclipse/configuration/org.eclipse.osgi/2301/0/.cp/lib/javaagent-shaded.jar -Dfile.encoding=UTF-8 com.BreedingGrounds.BreedingGroundsApplication

Host: Intel(R) Core(TM) i5-2430M CPU @ 2.40GHz, 4 cores, 7G, Linux Mint 19.3 Tricia
Time: Tue May 11 00:27:54 2021 -03 elapsed time: 1269.772835 seconds (0d 0h 21m 9s)

---------------  T H R E A D  ---------------

Current thread (0x00007f50fc5e4000):  JavaThread "RMI TCP Accept-38833" daemon [_thread_in_vm, id=25715, stack(0x00007f50c98a4000,0x00007f50c99a5000)]

Stack: [0x00007f50c98a4000,0x00007f50c99a5000],  sp=0x00007f50c99a2230,  free space=1016k
Native frames: (J=compiled Java code, A=aot compiled Java code, j=interpreted, Vv=VM code, C=native code)
C  [libjimage.so+0x23d1]
C  [libjimage.so+0x304a]
C  [libjimage.so+0x3515]  JIMAGE_FindResource+0xd5
V  [libjvm.so+0x596f2f]